[2025-06-16 00:03:23] [INFO] [server:84] received message [TRANSACTION]
  sender   : node2
  full msg : 
type: TRANSACTION
sender_id: "node2"
tx {
  sender: "node2"
  receiver: "node1"
  amount: 10.0
  timestamp: 1750003403.475313
}

[2025-06-16 00:03:23] [INFO] [server:84] received message [BLOCK]
  sender   : node2
  full msg : 
type: BLOCK
sender_id: "node2"
block {
  index: 1
  prev_hash: "97045df0a09b7b396d0a62dc5cc1b013bd06c479df40b4333c83490755ef9661"
  hash: "364ac076d8d6fb397492e71e835f41b2988ec994310519c7da6b1234b10d2caa"
  validator: "node2"
  transactions {
    sender: "node2"
    receiver: "node2"
    amount: 10.0
    timestamp: 1750002546.7221591
    type: STAKE
  }
  transactions {
    sender: "node2"
    receiver: "node1"
    amount: 10.0
    timestamp: 1750003403.475313
  }
  timestamp: 1750003403.748548
}

[2025-06-16 00:03:23] [INFO] [server:84] received message [BLOCK_VOTE]
  sender   : node2
  full msg : 
type: BLOCK_VOTE
sender_id: "node2"
block_vote {
  voter_id: "node2"
  block_hash: "364ac076d8d6fb397492e71e835f41b2988ec994310519c7da6b1234b10d2caa"
}

[2025-06-16 00:03:23] [INFO] [server:84] received message [BLOCK_VOTE]
  sender   : node1
  full msg : 
type: BLOCK_VOTE
sender_id: "node1"
block_vote {
  voter_id: "node1"
  block_hash: "364ac076d8d6fb397492e71e835f41b2988ec994310519c7da6b1234b10d2caa"
}

[2025-06-16 00:03:28] [INFO] [server:268] Shutting down server...
[2025-06-16 00:03:28] [INFO] [server:287] Closing all client connections...
[2025-06-16 00:03:28] [INFO] [server:156] Node node2 disconnected.
[2025-06-16 00:03:28] [INFO] [server:156] Node node1 disconnected.
[2025-06-16 00:03:28] [INFO] [server:294] Closing server socket...
[2025-06-16 00:03:28] [INFO] [server:299] Server shutdown complete. Bye!
[2025-06-16 00:04:25] [INFO] [server:44] Async server started on 127.0.0.1:5000
[2025-06-16 00:04:25] [INFO] [server:62] New connection from ('127.0.0.1', 50811)
[2025-06-16 00:04:25] [INFO] [server:252] Stopped sending STEP messages
[2025-06-16 00:04:25] [INFO] [server:62] New connection from ('127.0.0.1', 50812)
[2025-06-16 00:04:25] [INFO] [server:62] New connection from ('127.0.0.1', 50813)
[2025-06-16 00:04:25] [INFO] [server:84] received message [HELLO]
  sender   : node1
  full msg : 
sender_id: "node1"

[2025-06-16 00:04:25] [INFO] [server:84] received message [SYNC_REQUEST]
  sender   : node1
  full msg : 
type: SYNC_REQUEST
sender_id: "node1"

[2025-06-16 00:04:25] [INFO] [server:84] received message [HELLO]
  sender   : node2
  full msg : 
sender_id: "node2"

[2025-06-16 00:04:25] [INFO] [server:84] received message [SYNC_REQUEST]
  sender   : node2
  full msg : 
type: SYNC_REQUEST
sender_id: "node2"

[2025-06-16 00:04:25] [INFO] [server:84] received message [SYNC_RESPONSE]
  sender   : node2
  full msg : 
type: SYNC_RESPONSE
sender_id: "node2"
sync_response {
  blocks {
    prev_hash: "0000000000000000000000000000000000000000000000000000000000000000"
    hash: "97045df0a09b7b396d0a62dc5cc1b013bd06c479df40b4333c83490755ef9661"
    validator: "genesis"
  }
}

[2025-06-16 00:04:25] [INFO] [server:84] received message [SYNC_RESPONSE]
  sender   : node1
  full msg : 
type: SYNC_RESPONSE
sender_id: "node1"
sync_response {
  blocks {
    prev_hash: "0000000000000000000000000000000000000000000000000000000000000000"
    hash: "97045df0a09b7b396d0a62dc5cc1b013bd06c479df40b4333c83490755ef9661"
    validator: "genesis"
  }
}

[2025-06-16 00:04:37] [INFO] [server:84] received message [TRANSACTION]
  sender   : node1
  full msg : 
type: TRANSACTION
sender_id: "node1"
tx {
  sender: "node1"
  receiver: "node1"
  amount: 10.0
  timestamp: 1750003477.2828338
  type: STAKE
}

[2025-06-16 00:04:37] [INFO] [server:84] received message [TRANSACTION]
  sender   : node2
  full msg : 
type: TRANSACTION
sender_id: "node2"
tx {
  sender: "node2"
  receiver: "node2"
  amount: 10.0
  timestamp: 1750003477.283115
  type: STAKE
}

[2025-06-16 00:04:47] [INFO] [server:84] received message [TRANSACTION]
  sender   : node1
  full msg : 
type: TRANSACTION
sender_id: "node1"
tx {
  sender: "node1"
  receiver: "node2"
  amount: 10.0
  timestamp: 1750003487.675103
}

[2025-06-16 00:04:47] [INFO] [server:84] received message [BLOCK]
  sender   : node1
  full msg : 
type: BLOCK
sender_id: "node1"
block {
  index: 1
  prev_hash: "97045df0a09b7b396d0a62dc5cc1b013bd06c479df40b4333c83490755ef9661"
  hash: "5306ca40567c4e65672c4f40f344df2d494c9268822d1ab83196cc5168a3a744"
  validator: "node1"
  transactions {
    sender: "node1"
    receiver: "node1"
    amount: 10.0
    timestamp: 1750003477.2828338
    type: STAKE
  }
  transactions {
    sender: "node2"
    receiver: "node2"
    amount: 10.0
    timestamp: 1750003477.283115
    type: STAKE
  }
  transactions {
    sender: "node1"
    receiver: "node2"
    amount: 10.0
    timestamp: 1750003487.675103
  }
  timestamp: 1750003487.6762612
}

[2025-06-16 00:04:47] [INFO] [server:84] received message [BLOCK_VOTE]
  sender   : node1
  full msg : 
type: BLOCK_VOTE
sender_id: "node1"
block_vote {
  voter_id: "node1"
  block_hash: "5306ca40567c4e65672c4f40f344df2d494c9268822d1ab83196cc5168a3a744"
}

[2025-06-16 00:04:47] [INFO] [server:84] received message [BLOCK_VOTE]
  sender   : node2
  full msg : 
type: BLOCK_VOTE
sender_id: "node2"
block_vote {
  voter_id: "node2"
  block_hash: "5306ca40567c4e65672c4f40f344df2d494c9268822d1ab83196cc5168a3a744"
}

[2025-06-16 00:04:47] [INFO] [server:84] received message [BLOCK]
  sender   : node2
  full msg : 
type: BLOCK
sender_id: "node2"
block {
  index: 1
  prev_hash: "97045df0a09b7b396d0a62dc5cc1b013bd06c479df40b4333c83490755ef9661"
  hash: "b11bd329c6dbf98fa8fbcf1bd4e628d2edce78183e7087e667f99d66020e0f26"
  validator: "node2"
  transactions {
    sender: "node2"
    receiver: "node2"
    amount: 10.0
    timestamp: 1750003477.283115
    type: STAKE
  }
  transactions {
    sender: "node1"
    receiver: "node1"
    amount: 10.0
    timestamp: 1750003477.2828338
    type: STAKE
  }
  transactions {
    sender: "node1"
    receiver: "node2"
    amount: 10.0
    timestamp: 1750003487.675103
  }
  timestamp: 1750003487.7230039
}

[2025-06-16 00:04:47] [INFO] [server:84] received message [BLOCK_VOTE]
  sender   : node2
  full msg : 
type: BLOCK_VOTE
sender_id: "node2"
block_vote {
  voter_id: "node2"
  block_hash: "b11bd329c6dbf98fa8fbcf1bd4e628d2edce78183e7087e667f99d66020e0f26"
}

[2025-06-16 00:04:47] [INFO] [server:84] received message [BLOCK_VOTE]
  sender   : node1
  full msg : 
type: BLOCK_VOTE
sender_id: "node1"
block_vote {
  voter_id: "node1"
  block_hash: "b11bd329c6dbf98fa8fbcf1bd4e628d2edce78183e7087e667f99d66020e0f26"
}

[2025-06-16 00:37:57] [INFO] [server:84] received message [TRANSACTION]
  sender   : node2
  full msg : 
type: TRANSACTION
sender_id: "node2"
tx {
  sender: "node2"
  receiver: "node1"
  amount: 10.0
  timestamp: 1750005477.3275678
}

[2025-06-16 00:37:57] [INFO] [server:84] received message [BLOCK]
  sender   : node2
  full msg : 
type: BLOCK
sender_id: "node2"
block {
  index: 1
  prev_hash: "97045df0a09b7b396d0a62dc5cc1b013bd06c479df40b4333c83490755ef9661"
  hash: "e7521ed2aef263783463f8375a11c30f2829c6a946622127c758a4ba657e3738"
  validator: "node2"
  transactions {
    sender: "node2"
    receiver: "node2"
    amount: 10.0
    timestamp: 1750003477.283115
    type: STAKE
  }
  transactions {
    sender: "node1"
    receiver: "node1"
    amount: 10.0
    timestamp: 1750003477.2828338
    type: STAKE
  }
  transactions {
    sender: "node1"
    receiver: "node2"
    amount: 10.0
    timestamp: 1750003487.675103
  }
  transactions {
    sender: "node2"
    receiver: "node1"
    amount: 10.0
    timestamp: 1750005477.3275678
  }
  timestamp: 1750005477.7508569
}

[2025-06-16 00:37:57] [INFO] [server:84] received message [BLOCK_VOTE]
  sender   : node2
  full msg : 
type: BLOCK_VOTE
sender_id: "node2"
block_vote {
  voter_id: "node2"
  block_hash: "e7521ed2aef263783463f8375a11c30f2829c6a946622127c758a4ba657e3738"
}

[2025-06-16 00:37:57] [INFO] [server:84] received message [BLOCK_VOTE]
  sender   : node1
  full msg : 
type: BLOCK_VOTE
sender_id: "node1"
block_vote {
  voter_id: "node1"
  block_hash: "e7521ed2aef263783463f8375a11c30f2829c6a946622127c758a4ba657e3738"
}

[2025-06-16 00:38:02] [INFO] [server:268] Shutting down server...
[2025-06-16 00:38:02] [INFO] [server:287] Closing all client connections...
[2025-06-16 00:38:02] [INFO] [server:156] Node node1 disconnected.
[2025-06-16 00:38:02] [INFO] [server:156] Node node2 disconnected.
[2025-06-16 00:38:02] [INFO] [server:294] Closing server socket...
[2025-06-16 00:38:02] [INFO] [server:299] Server shutdown complete. Bye!
[2025-06-16 00:38:14] [INFO] [server:44] Async server started on 127.0.0.1:5000
[2025-06-16 00:38:14] [INFO] [server:62] New connection from ('127.0.0.1', 51920)
[2025-06-16 00:38:14] [INFO] [server:252] Stopped sending STEP messages
[2025-06-16 00:38:14] [INFO] [server:62] New connection from ('127.0.0.1', 51922)
[2025-06-16 00:38:14] [INFO] [server:62] New connection from ('127.0.0.1', 51921)
[2025-06-16 00:38:14] [INFO] [server:84] received message [HELLO]
  sender   : node1
  full msg : 
sender_id: "node1"

[2025-06-16 00:38:14] [INFO] [server:84] received message [SYNC_REQUEST]
  sender   : node1
  full msg : 
type: SYNC_REQUEST
sender_id: "node1"

[2025-06-16 00:38:14] [INFO] [server:84] received message [HELLO]
  sender   : node2
  full msg : 
sender_id: "node2"

[2025-06-16 00:38:14] [INFO] [server:84] received message [SYNC_REQUEST]
  sender   : node2
  full msg : 
type: SYNC_REQUEST
sender_id: "node2"

[2025-06-16 00:38:14] [INFO] [server:84] received message [SYNC_RESPONSE]
  sender   : node2
  full msg : 
type: SYNC_RESPONSE
sender_id: "node2"
sync_response {
  blocks {
    prev_hash: "0000000000000000000000000000000000000000000000000000000000000000"
    hash: "97045df0a09b7b396d0a62dc5cc1b013bd06c479df40b4333c83490755ef9661"
    validator: "genesis"
  }
}

[2025-06-16 00:38:14] [INFO] [server:84] received message [SYNC_RESPONSE]
  sender   : node1
  full msg : 
type: SYNC_RESPONSE
sender_id: "node1"
sync_response {
  blocks {
    prev_hash: "0000000000000000000000000000000000000000000000000000000000000000"
    hash: "97045df0a09b7b396d0a62dc5cc1b013bd06c479df40b4333c83490755ef9661"
    validator: "genesis"
  }
}

[2025-06-16 00:38:28] [INFO] [server:84] received message [TRANSACTION]
  sender   : node2
  full msg : 
type: TRANSACTION
sender_id: "node2"
tx {
  sender: "node2"
  receiver: "node2"
  amount: 10.0
  timestamp: 1750005508.1073642
  type: STAKE
}

[2025-06-16 00:38:28] [INFO] [server:84] received message [TRANSACTION]
  sender   : node1
  full msg : 
type: TRANSACTION
sender_id: "node1"
tx {
  sender: "node1"
  receiver: "node1"
  amount: 10.0
  timestamp: 1750005508.1073952
  type: STAKE
}

[2025-06-16 00:38:32] [INFO] [server:84] received message [TRANSACTION]
  sender   : node1
  full msg : 
type: TRANSACTION
sender_id: "node1"
tx {
  sender: "node1"
  receiver: "node2"
  amount: 10.0
  timestamp: 1750005512.972766
}

[2025-06-16 00:38:32] [INFO] [server:84] received message [BLOCK]
  sender   : node1
  full msg : 
type: BLOCK
sender_id: "node1"
block {
  index: 1
  prev_hash: "97045df0a09b7b396d0a62dc5cc1b013bd06c479df40b4333c83490755ef9661"
  hash: "aa19ec0fdb95e69e224fc21000dc9ca7650efa56644f7f96d22415de16d1de1a"
  validator: "node1"
  transactions {
    sender: "node1"
    receiver: "node1"
    amount: 10.0
    timestamp: 1750005508.1073952
    type: STAKE
  }
  transactions {
    sender: "node2"
    receiver: "node2"
    amount: 10.0
    timestamp: 1750005508.1073642
    type: STAKE
  }
  transactions {
    sender: "node1"
    receiver: "node2"
    amount: 10.0
    timestamp: 1750005512.972766
  }
  timestamp: 1750005512.973653
}

[2025-06-16 00:38:32] [INFO] [server:84] received message [BLOCK_VOTE]
  sender   : node1
  full msg : 
type: BLOCK_VOTE
sender_id: "node1"
block_vote {
  voter_id: "node1"
  block_hash: "aa19ec0fdb95e69e224fc21000dc9ca7650efa56644f7f96d22415de16d1de1a"
}

[2025-06-16 00:38:32] [INFO] [server:84] received message [BLOCK_VOTE]
  sender   : node2
  full msg : 
type: BLOCK_VOTE
sender_id: "node2"
block_vote {
  voter_id: "node2"
  block_hash: "aa19ec0fdb95e69e224fc21000dc9ca7650efa56644f7f96d22415de16d1de1a"
}

[2025-06-16 00:40:31] [INFO] [server:84] received message [TRANSACTION]
  sender   : node2
  full msg : 
type: TRANSACTION
sender_id: "node2"
tx {
  sender: "node2"
  receiver: "node1"
  amount: 10.0
  timestamp: 1750005631.441664
}

[2025-06-16 00:40:31] [INFO] [server:84] received message [BLOCK]
  sender   : node2
  full msg : 
type: BLOCK
sender_id: "node2"
block {
  index: 2
  prev_hash: "aa19ec0fdb95e69e224fc21000dc9ca7650efa56644f7f96d22415de16d1de1a"
  hash: "d62045d2afdc10e096bd063d28d3a072129525ec9cd24a76633df76edffe8002"
  validator: "node2"
  transactions {
    sender: "node2"
    receiver: "node1"
    amount: 10.0
    timestamp: 1750005631.441664
  }
  timestamp: 1750005631.748054
}

[2025-06-16 00:40:31] [INFO] [server:84] received message [BLOCK_VOTE]
  sender   : node2
  full msg : 
type: BLOCK_VOTE
sender_id: "node2"
block_vote {
  voter_id: "node2"
  block_hash: "d62045d2afdc10e096bd063d28d3a072129525ec9cd24a76633df76edffe8002"
}

[2025-06-16 00:40:31] [INFO] [server:84] received message [BLOCK_VOTE]
  sender   : node1
  full msg : 
type: BLOCK_VOTE
sender_id: "node1"
block_vote {
  voter_id: "node1"
  block_hash: "d62045d2afdc10e096bd063d28d3a072129525ec9cd24a76633df76edffe8002"
}

[2025-06-16 00:40:37] [INFO] [server:268] Shutting down server...
[2025-06-16 00:40:37] [INFO] [server:287] Closing all client connections...
[2025-06-16 00:40:37] [INFO] [server:156] Node node1 disconnected.
[2025-06-16 00:40:37] [INFO] [server:156] Node node2 disconnected.
[2025-06-16 00:40:37] [INFO] [server:294] Closing server socket...
[2025-06-16 00:40:37] [INFO] [server:299] Server shutdown complete. Bye!
[2025-06-16 00:42:25] [INFO] [server:44] Async server started on 127.0.0.1:5000
[2025-06-16 00:42:26] [INFO] [server:62] New connection from ('127.0.0.1', 52044)
[2025-06-16 00:42:26] [INFO] [server:252] Stopped sending STEP messages
[2025-06-16 00:42:26] [INFO] [server:62] New connection from ('127.0.0.1', 52046)
[2025-06-16 00:42:26] [INFO] [server:62] New connection from ('127.0.0.1', 52045)
[2025-06-16 00:42:26] [INFO] [server:84] received message [HELLO]
  sender   : node1
  full msg : 
sender_id: "node1"

[2025-06-16 00:42:26] [INFO] [server:84] received message [SYNC_REQUEST]
  sender   : node1
  full msg : 
type: SYNC_REQUEST
sender_id: "node1"

[2025-06-16 00:42:26] [INFO] [server:84] received message [HELLO]
  sender   : node2
  full msg : 
sender_id: "node2"

[2025-06-16 00:42:26] [INFO] [server:84] received message [SYNC_REQUEST]
  sender   : node2
  full msg : 
type: SYNC_REQUEST
sender_id: "node2"

[2025-06-16 00:42:26] [INFO] [server:84] received message [SYNC_RESPONSE]
  sender   : node2
  full msg : 
type: SYNC_RESPONSE
sender_id: "node2"
sync_response {
  blocks {
    prev_hash: "0000000000000000000000000000000000000000000000000000000000000000"
    hash: "97045df0a09b7b396d0a62dc5cc1b013bd06c479df40b4333c83490755ef9661"
    validator: "genesis"
  }
  blocks {
    index: 1
    prev_hash: "97045df0a09b7b396d0a62dc5cc1b013bd06c479df40b4333c83490755ef9661"
    hash: "aa19ec0fdb95e69e224fc21000dc9ca7650efa56644f7f96d22415de16d1de1a"
    validator: "node1"
    transactions {
      sender: "node1"
      receiver: "node1"
      amount: 10.0
      timestamp: 1750005508.1073952
      type: STAKE
    }
    transactions {
      sender: "node2"
      receiver: "node2"
      amount: 10.0
      timestamp: 1750005508.1073642
      type: STAKE
    }
    transactions {
      sender: "node1"
      receiver: "node2"
      amount: 10.0
      timestamp: 1750005512.972766
    }
    timestamp: 1750005512.973653
  }
  blocks {
    index: 2
    prev_hash: "aa19ec0fdb95e69e224fc21000dc9ca7650efa56644f7f96d22415de16d1de1a"
    hash: "d62045d2afdc10e096bd063d28d3a072129525ec9cd24a76633df76edffe8002"
    validator: "node2"
    transactions {
      sender: "node2"
      receiver: "node1"
      amount: 10.0
      timestamp: 1750005631.441664
    }
    timestamp: 1750005631.748054
  }
}

[2025-06-16 00:42:26] [INFO] [server:84] received message [SYNC_RESPONSE]
  sender   : node1
  full msg : 
type: SYNC_RESPONSE
sender_id: "node1"
sync_response {
  blocks {
    prev_hash: "0000000000000000000000000000000000000000000000000000000000000000"
    hash: "97045df0a09b7b396d0a62dc5cc1b013bd06c479df40b4333c83490755ef9661"
    validator: "genesis"
  }
  blocks {
    index: 1
    prev_hash: "97045df0a09b7b396d0a62dc5cc1b013bd06c479df40b4333c83490755ef9661"
    hash: "aa19ec0fdb95e69e224fc21000dc9ca7650efa56644f7f96d22415de16d1de1a"
    validator: "node1"
    transactions {
      sender: "node1"
      receiver: "node1"
      amount: 10.0
      timestamp: 1750005508.1073952
      type: STAKE
    }
    transactions {
      sender: "node2"
      receiver: "node2"
      amount: 10.0
      timestamp: 1750005508.1073642
      type: STAKE
    }
    transactions {
      sender: "node1"
      receiver: "node2"
      amount: 10.0
      timestamp: 1750005512.972766
    }
    timestamp: 1750005512.973653
  }
  blocks {
    index: 2
    prev_hash: "aa19ec0fdb95e69e224fc21000dc9ca7650efa56644f7f96d22415de16d1de1a"
    hash: "d62045d2afdc10e096bd063d28d3a072129525ec9cd24a76633df76edffe8002"
    validator: "node2"
    transactions {
      sender: "node2"
      receiver: "node1"
      amount: 10.0
      timestamp: 1750005631.441664
    }
    timestamp: 1750005631.748054
  }
}

[2025-06-16 00:42:33] [INFO] [server:84] received message [TRANSACTION]
  sender   : node1
  full msg : 
type: TRANSACTION
sender_id: "node1"
tx {
  sender: "node1"
  receiver: "node1"
  amount: 10.0
  timestamp: 1750005753.576792
  type: STAKE
}

[2025-06-16 00:42:35] [INFO] [server:84] received message [TRANSACTION]
  sender   : node1
  full msg : 
type: TRANSACTION
sender_id: "node1"
tx {
  sender: "node1"
  receiver: "node2"
  amount: 10.0
  timestamp: 1750005755.832745
}

[2025-06-16 00:42:35] [INFO] [server:84] received message [TRANSACTION]
  sender   : node2
  full msg : 
type: TRANSACTION
sender_id: "node2"
tx {
  sender: "node2"
  receiver: "node2"
  amount: 10.0
  timestamp: 1750005755.833003
  type: STAKE
}

[2025-06-16 00:42:35] [INFO] [server:84] received message [BLOCK]
  sender   : node1
  full msg : 
type: BLOCK
sender_id: "node1"
block {
  index: 3
  prev_hash: "d62045d2afdc10e096bd063d28d3a072129525ec9cd24a76633df76edffe8002"
  hash: "e859acfdb87c59ddddfb0c134cde6b7c83f3e39426fb0ebeb4ab8ff5ad820f6e"
  validator: "node1"
  transactions {
    sender: "node1"
    receiver: "node1"
    amount: 10.0
    timestamp: 1750005753.576792
    type: STAKE
  }
  transactions {
    sender: "node1"
    receiver: "node2"
    amount: 10.0
    timestamp: 1750005755.832745
  }
  timestamp: 1750005755.8337128
}

[2025-06-16 00:42:35] [INFO] [server:84] received message [BLOCK_VOTE]
  sender   : node1
  full msg : 
type: BLOCK_VOTE
sender_id: "node1"
block_vote {
  voter_id: "node1"
  block_hash: "e859acfdb87c59ddddfb0c134cde6b7c83f3e39426fb0ebeb4ab8ff5ad820f6e"
}

[2025-06-16 00:42:35] [INFO] [server:84] received message [BLOCK_VOTE]
  sender   : node2
  full msg : 
type: BLOCK_VOTE
sender_id: "node2"
block_vote {
  voter_id: "node2"
  block_hash: "e859acfdb87c59ddddfb0c134cde6b7c83f3e39426fb0ebeb4ab8ff5ad820f6e"
}

[2025-06-16 00:45:41] [INFO] [server:84] received message [BLOCK]
  sender   : node2
  full msg : 
type: BLOCK
sender_id: "node2"
block {
  index: 4
  prev_hash: "e859acfdb87c59ddddfb0c134cde6b7c83f3e39426fb0ebeb4ab8ff5ad820f6e"
  hash: "7bd229155fc9ad106d264b8bb11d8f9d953903106f0c10de92d8c158b5095593"
  validator: "node2"
  transactions {
    sender: "node2"
    receiver: "node2"
    amount: 10.0
    timestamp: 1750005755.833003
    type: STAKE
  }
  timestamp: 1750005941.0618932
}

[2025-06-16 00:45:41] [INFO] [server:84] received message [BLOCK_VOTE]
  sender   : node2
  full msg : 
type: BLOCK_VOTE
sender_id: "node2"
block_vote {
  voter_id: "node2"
  block_hash: "7bd229155fc9ad106d264b8bb11d8f9d953903106f0c10de92d8c158b5095593"
}

[2025-06-16 00:45:41] [INFO] [server:84] received message [BLOCK_VOTE]
  sender   : node1
  full msg : 
type: BLOCK_VOTE
sender_id: "node1"
block_vote {
  voter_id: "node1"
  block_hash: "7bd229155fc9ad106d264b8bb11d8f9d953903106f0c10de92d8c158b5095593"
}

[2025-06-16 00:45:41] [INFO] [server:84] received message [TRANSACTION]
  sender   : node2
  full msg : 
type: TRANSACTION
sender_id: "node2"
tx {
  sender: "node2"
  receiver: "node1"
  amount: 10.0
  timestamp: 1750005941.304479
}

[2025-06-16 00:45:41] [INFO] [server:84] received message [BLOCK]
  sender   : node2
  full msg : 
type: BLOCK
sender_id: "node2"
block {
  index: 5
  prev_hash: "7bd229155fc9ad106d264b8bb11d8f9d953903106f0c10de92d8c158b5095593"
  hash: "695c8ac635da199b1700e3f2ab7740b630ad861270b647787ffaa9b0c3b0c1e6"
  validator: "node2"
  transactions {
    sender: "node2"
    receiver: "node1"
    amount: 10.0
    timestamp: 1750005941.304479
  }
  timestamp: 1750005941.305588
}

[2025-06-16 00:45:41] [INFO] [server:84] received message [BLOCK_VOTE]
  sender   : node2
  full msg : 
type: BLOCK_VOTE
sender_id: "node2"
block_vote {
  voter_id: "node2"
  block_hash: "695c8ac635da199b1700e3f2ab7740b630ad861270b647787ffaa9b0c3b0c1e6"
}

[2025-06-16 00:45:41] [INFO] [server:84] received message [BLOCK_VOTE]
  sender   : node1
  full msg : 
type: BLOCK_VOTE
sender_id: "node1"
block_vote {
  voter_id: "node1"
  block_hash: "695c8ac635da199b1700e3f2ab7740b630ad861270b647787ffaa9b0c3b0c1e6"
}

[2025-06-16 00:45:47] [INFO] [server:268] Shutting down server...
[2025-06-16 00:45:47] [INFO] [server:287] Closing all client connections...
[2025-06-16 00:45:47] [INFO] [server:156] Node node2 disconnected.
[2025-06-16 00:45:47] [INFO] [server:156] Node node1 disconnected.
[2025-06-16 00:45:47] [INFO] [server:294] Closing server socket...
[2025-06-16 00:45:47] [INFO] [server:299] Server shutdown complete. Bye!
[2025-06-16 00:46:06] [INFO] [server:44] Async server started on 127.0.0.1:5000
[2025-06-16 00:46:06] [INFO] [server:62] New connection from ('127.0.0.1', 52143)
[2025-06-16 00:46:06] [INFO] [server:252] Stopped sending STEP messages
[2025-06-16 00:46:06] [INFO] [server:62] New connection from ('127.0.0.1', 52144)
[2025-06-16 00:46:06] [INFO] [server:62] New connection from ('127.0.0.1', 52145)
[2025-06-16 00:46:06] [INFO] [server:84] received message [HELLO]
  sender   : node1
  full msg : 
sender_id: "node1"

[2025-06-16 00:46:06] [INFO] [server:84] received message [HELLO]
  sender   : node2
  full msg : 
sender_id: "node2"

[2025-06-16 00:46:06] [INFO] [server:84] received message [SYNC_REQUEST]
  sender   : node1
  full msg : 
type: SYNC_REQUEST
sender_id: "node1"

[2025-06-16 00:46:06] [INFO] [server:84] received message [SYNC_REQUEST]
  sender   : node2
  full msg : 
type: SYNC_REQUEST
sender_id: "node2"

[2025-06-16 00:46:06] [INFO] [server:84] received message [SYNC_RESPONSE]
  sender   : node2
  full msg : 
type: SYNC_RESPONSE
sender_id: "node2"
sync_response {
  blocks {
    prev_hash: "0000000000000000000000000000000000000000000000000000000000000000"
    hash: "97045df0a09b7b396d0a62dc5cc1b013bd06c479df40b4333c83490755ef9661"
    validator: "genesis"
  }
}

[2025-06-16 00:46:06] [INFO] [server:84] received message [SYNC_RESPONSE]
  sender   : node1
  full msg : 
type: SYNC_RESPONSE
sender_id: "node1"
sync_response {
  blocks {
    prev_hash: "0000000000000000000000000000000000000000000000000000000000000000"
    hash: "97045df0a09b7b396d0a62dc5cc1b013bd06c479df40b4333c83490755ef9661"
    validator: "genesis"
  }
}

[2025-06-16 00:46:13] [INFO] [server:84] received message [TRANSACTION]
  sender   : node1
  full msg : 
type: TRANSACTION
sender_id: "node1"
tx {
  sender: "node1"
  receiver: "node1"
  amount: 10.0
  timestamp: 1750005973.2719
  type: STAKE
}

[2025-06-16 00:46:14] [INFO] [server:84] received message [TRANSACTION]
  sender   : node1
  full msg : 
type: TRANSACTION
sender_id: "node1"
tx {
  sender: "node1"
  receiver: "node2"
  amount: 10.0
  timestamp: 1750005974.823308
}

[2025-06-16 00:46:14] [INFO] [server:84] received message [TRANSACTION]
  sender   : node2
  full msg : 
type: TRANSACTION
sender_id: "node2"
tx {
  sender: "node2"
  receiver: "node2"
  amount: 10.0
  timestamp: 1750005974.823575
  type: STAKE
}

[2025-06-16 00:46:14] [INFO] [server:84] received message [BLOCK]
  sender   : node1
  full msg : 
type: BLOCK
sender_id: "node1"
block {
  index: 1
  prev_hash: "97045df0a09b7b396d0a62dc5cc1b013bd06c479df40b4333c83490755ef9661"
  hash: "a8834d54a2a3d11c7e75b6f709d12219ca665b00b31d932542f8d342a1ac3566"
  validator: "node1"
  transactions {
    sender: "node1"
    receiver: "node1"
    amount: 10.0
    timestamp: 1750005973.2719
    type: STAKE
  }
  transactions {
    sender: "node1"
    receiver: "node2"
    amount: 10.0
    timestamp: 1750005974.823308
  }
  timestamp: 1750005974.824213
}

[2025-06-16 00:46:14] [INFO] [server:84] received message [BLOCK_VOTE]
  sender   : node1
  full msg : 
type: BLOCK_VOTE
sender_id: "node1"
block_vote {
  voter_id: "node1"
  block_hash: "a8834d54a2a3d11c7e75b6f709d12219ca665b00b31d932542f8d342a1ac3566"
}

[2025-06-16 00:46:14] [INFO] [server:84] received message [BLOCK_VOTE]
  sender   : node2
  full msg : 
type: BLOCK_VOTE
sender_id: "node2"
block_vote {
  voter_id: "node2"
  block_hash: "a8834d54a2a3d11c7e75b6f709d12219ca665b00b31d932542f8d342a1ac3566"
}

[2025-06-16 00:50:59] [INFO] [server:84] received message [BLOCK]
  sender   : node2
  full msg : 
type: BLOCK
sender_id: "node2"
block {
  index: 2
  prev_hash: "a8834d54a2a3d11c7e75b6f709d12219ca665b00b31d932542f8d342a1ac3566"
  hash: "d70cbdc9e3707be1adc4d654a427d03998cbf1995af57bb60186d37dc92808d2"
  validator: "node2"
  transactions {
    sender: "node2"
    receiver: "node2"
    amount: 10.0
    timestamp: 1750005974.823575
    type: STAKE
  }
  timestamp: 1750006259.562078
}

[2025-06-16 00:50:59] [INFO] [server:84] received message [BLOCK_VOTE]
  sender   : node2
  full msg : 
type: BLOCK_VOTE
sender_id: "node2"
block_vote {
  voter_id: "node2"
  block_hash: "d70cbdc9e3707be1adc4d654a427d03998cbf1995af57bb60186d37dc92808d2"
}

[2025-06-16 00:50:59] [INFO] [server:84] received message [BLOCK_VOTE]
  sender   : node1
  full msg : 
type: BLOCK_VOTE
sender_id: "node1"
block_vote {
  voter_id: "node1"
  block_hash: "d70cbdc9e3707be1adc4d654a427d03998cbf1995af57bb60186d37dc92808d2"
}

[2025-06-16 00:53:24] [INFO] [server:156] Node node2 disconnected.
[2025-06-16 00:53:24] [INFO] [server:156] Node node1 disconnected.
[2025-06-16 00:53:32] [INFO] [server:44] Async server started on 127.0.0.1:5000
[2025-06-16 00:53:32] [INFO] [server:62] New connection from ('127.0.0.1', 52383)
[2025-06-16 00:53:32] [INFO] [server:252] Stopped sending STEP messages
[2025-06-16 00:53:32] [INFO] [server:62] New connection from ('127.0.0.1', 52384)
[2025-06-16 00:53:32] [INFO] [server:62] New connection from ('127.0.0.1', 52385)
[2025-06-16 00:53:32] [INFO] [server:84] received message [HELLO]
  sender   : node2
  full msg : 
sender_id: "node2"

[2025-06-16 00:53:32] [INFO] [server:84] received message [HELLO]
  sender   : node1
  full msg : 
sender_id: "node1"

[2025-06-16 00:53:32] [INFO] [server:84] received message [SYNC_REQUEST]
  sender   : node1
  full msg : 
type: SYNC_REQUEST
sender_id: "node1"

[2025-06-16 00:53:32] [INFO] [server:84] received message [SYNC_REQUEST]
  sender   : node2
  full msg : 
type: SYNC_REQUEST
sender_id: "node2"

[2025-06-16 00:53:32] [INFO] [server:84] received message [SYNC_RESPONSE]
  sender   : node2
  full msg : 
type: SYNC_RESPONSE
sender_id: "node2"
sync_response {
  blocks {
    prev_hash: "0000000000000000000000000000000000000000000000000000000000000000"
    hash: "97045df0a09b7b396d0a62dc5cc1b013bd06c479df40b4333c83490755ef9661"
    validator: "genesis"
  }
}

[2025-06-16 00:53:32] [INFO] [server:84] received message [SYNC_RESPONSE]
  sender   : node1
  full msg : 
type: SYNC_RESPONSE
sender_id: "node1"
sync_response {
  blocks {
    prev_hash: "0000000000000000000000000000000000000000000000000000000000000000"
    hash: "97045df0a09b7b396d0a62dc5cc1b013bd06c479df40b4333c83490755ef9661"
    validator: "genesis"
  }
}

[2025-06-16 00:55:09] [INFO] [server:156] Node node2 disconnected.
[2025-06-16 00:55:09] [INFO] [server:156] Node node1 disconnected.
[2025-06-16 00:55:44] [INFO] [server:44] Async server started on 127.0.0.1:5000
[2025-06-16 00:55:44] [INFO] [server:62] New connection from ('127.0.0.1', 52457)
[2025-06-16 00:55:44] [INFO] [server:252] Stopped sending STEP messages
[2025-06-16 00:55:44] [INFO] [server:62] New connection from ('127.0.0.1', 52458)
[2025-06-16 00:55:44] [INFO] [server:62] New connection from ('127.0.0.1', 52459)
[2025-06-16 00:55:44] [INFO] [server:84] received message [HELLO]
  sender   : node2
  full msg : 
sender_id: "node2"

[2025-06-16 00:55:44] [INFO] [server:84] received message [SYNC_REQUEST]
  sender   : node2
  full msg : 
type: SYNC_REQUEST
sender_id: "node2"

[2025-06-16 00:55:44] [INFO] [server:84] received message [HELLO]
  sender   : node1
  full msg : 
sender_id: "node1"

[2025-06-16 00:55:44] [INFO] [server:84] received message [SYNC_REQUEST]
  sender   : node1
  full msg : 
type: SYNC_REQUEST
sender_id: "node1"

[2025-06-16 00:55:44] [INFO] [server:84] received message [SYNC_RESPONSE]
  sender   : node1
  full msg : 
type: SYNC_RESPONSE
sender_id: "node1"
sync_response {
  blocks {
    prev_hash: "0000000000000000000000000000000000000000000000000000000000000000"
    hash: "97045df0a09b7b396d0a62dc5cc1b013bd06c479df40b4333c83490755ef9661"
    validator: "genesis"
  }
}

[2025-06-16 00:55:44] [INFO] [server:84] received message [SYNC_RESPONSE]
  sender   : node2
  full msg : 
type: SYNC_RESPONSE
sender_id: "node2"
sync_response {
  blocks {
    prev_hash: "0000000000000000000000000000000000000000000000000000000000000000"
    hash: "97045df0a09b7b396d0a62dc5cc1b013bd06c479df40b4333c83490755ef9661"
    validator: "genesis"
  }
}

[2025-06-16 01:01:19] [INFO] [server:156] Node node2 disconnected.
[2025-06-16 01:01:19] [INFO] [server:156] Node node1 disconnected.
[2025-06-16 01:01:23] [INFO] [server:44] Async server started on 127.0.0.1:5000
[2025-06-16 01:01:23] [INFO] [server:62] New connection from ('127.0.0.1', 52654)
[2025-06-16 01:01:23] [INFO] [server:252] Stopped sending STEP messages
[2025-06-16 01:01:23] [INFO] [server:62] New connection from ('127.0.0.1', 52655)
[2025-06-16 01:01:23] [INFO] [server:62] New connection from ('127.0.0.1', 52656)
[2025-06-16 01:01:23] [INFO] [server:84] received message [HELLO]
  sender   : node1
  full msg : 
sender_id: "node1"

[2025-06-16 01:01:23] [INFO] [server:84] received message [SYNC_REQUEST]
  sender   : node1
  full msg : 
type: SYNC_REQUEST
sender_id: "node1"

[2025-06-16 01:01:23] [INFO] [server:84] received message [HELLO]
  sender   : node2
  full msg : 
sender_id: "node2"

[2025-06-16 01:01:23] [INFO] [server:84] received message [SYNC_REQUEST]
  sender   : node2
  full msg : 
type: SYNC_REQUEST
sender_id: "node2"

[2025-06-16 01:01:23] [INFO] [server:84] received message [SYNC_RESPONSE]
  sender   : node2
  full msg : 
type: SYNC_RESPONSE
sender_id: "node2"
sync_response {
  blocks {
    prev_hash: "0000000000000000000000000000000000000000000000000000000000000000"
    hash: "97045df0a09b7b396d0a62dc5cc1b013bd06c479df40b4333c83490755ef9661"
    validator: "genesis"
  }
}

[2025-06-16 01:01:23] [INFO] [server:84] received message [SYNC_RESPONSE]
  sender   : node1
  full msg : 
type: SYNC_RESPONSE
sender_id: "node1"
sync_response {
  blocks {
    prev_hash: "0000000000000000000000000000000000000000000000000000000000000000"
    hash: "97045df0a09b7b396d0a62dc5cc1b013bd06c479df40b4333c83490755ef9661"
    validator: "genesis"
  }
}

[2025-06-16 01:01:26] [INFO] [server:84] received message [TRANSACTION]
  sender   : node1
  full msg : 
type: TRANSACTION
sender_id: "node1"
tx {
  sender: "node1"
  receiver: "node1"
  amount: 10.0
  timestamp: 1750006886.3728058
  type: STAKE
}

[2025-06-16 01:01:26] [INFO] [server:84] received message [TRANSACTION]
  sender   : node1
  full msg : 
type: TRANSACTION
sender_id: "node1"
tx {
  sender: "node1"
  receiver: "node2"
  amount: 10.0
  timestamp: 1750006886.373796
}

[2025-06-16 01:01:26] [INFO] [server:84] received message [TRANSACTION]
  sender   : node2
  full msg : 
type: TRANSACTION
sender_id: "node2"
tx {
  sender: "node2"
  receiver: "node2"
  amount: 10.0
  timestamp: 1750006886.853167
  type: STAKE
}

[2025-06-16 01:01:26] [INFO] [server:84] received message [BLOCK]
  sender   : node1
  full msg : 
type: BLOCK
sender_id: "node1"
block {
  index: 1
  prev_hash: "97045df0a09b7b396d0a62dc5cc1b013bd06c479df40b4333c83490755ef9661"
  hash: "929f72696180ec8a20b2a806accae5af238a4a753ed2d80945b42b15705a2adb"
  validator: "node1"
  transactions {
    sender: "node1"
    receiver: "node1"
    amount: 10.0
    timestamp: 1750006886.3728058
    type: STAKE
  }
  transactions {
    sender: "node1"
    receiver: "node2"
    amount: 10.0
    timestamp: 1750006886.373796
  }
  timestamp: 1750006886.853277
}

[2025-06-16 01:01:26] [INFO] [server:84] received message [BLOCK_VOTE]
  sender   : node1
  full msg : 
type: BLOCK_VOTE
sender_id: "node1"
block_vote {
  voter_id: "node1"
  block_hash: "929f72696180ec8a20b2a806accae5af238a4a753ed2d80945b42b15705a2adb"
}

[2025-06-16 01:01:26] [INFO] [server:84] received message [BLOCK_VOTE]
  sender   : node2
  full msg : 
type: BLOCK_VOTE
sender_id: "node2"
block_vote {
  voter_id: "node2"
  block_hash: "929f72696180ec8a20b2a806accae5af238a4a753ed2d80945b42b15705a2adb"
}

[2025-06-16 01:01:27] [INFO] [server:84] received message [BLOCK]
  sender   : node2
  full msg : 
type: BLOCK
sender_id: "node2"
block {
  index: 1
  prev_hash: "97045df0a09b7b396d0a62dc5cc1b013bd06c479df40b4333c83490755ef9661"
  hash: "203077dc26d21e6b000b2d9eba236ccce41e66253e9a53e20765934bd09f4962"
  validator: "node2"
  transactions {
    sender: "node1"
    receiver: "node1"
    amount: 10.0
    timestamp: 1750006886.3728058
    type: STAKE
  }
  transactions {
    sender: "node1"
    receiver: "node2"
    amount: 10.0
    timestamp: 1750006886.373796
  }
  transactions {
    sender: "node2"
    receiver: "node2"
    amount: 10.0
    timestamp: 1750006886.853167
    type: STAKE
  }
  timestamp: 1750006887.0321238
}

[2025-06-16 01:01:27] [INFO] [server:84] received message [BLOCK_VOTE]
  sender   : node2
  full msg : 
type: BLOCK_VOTE
sender_id: "node2"
block_vote {
  voter_id: "node2"
  block_hash: "203077dc26d21e6b000b2d9eba236ccce41e66253e9a53e20765934bd09f4962"
}

[2025-06-16 01:01:27] [INFO] [server:84] received message [BLOCK_VOTE]
  sender   : node1
  full msg : 
type: BLOCK_VOTE
sender_id: "node1"
block_vote {
  voter_id: "node1"
  block_hash: "203077dc26d21e6b000b2d9eba236ccce41e66253e9a53e20765934bd09f4962"
}

[2025-06-16 01:01:27] [INFO] [server:84] received message [TRANSACTION]
  sender   : node2
  full msg : 
type: TRANSACTION
sender_id: "node2"
tx {
  sender: "node2"
  receiver: "node1"
  amount: 10.0
  timestamp: 1750006887.532345
}

[2025-06-16 01:01:27] [INFO] [server:84] received message [BLOCK]
  sender   : node2
  full msg : 
type: BLOCK
sender_id: "node2"
block {
  index: 1
  prev_hash: "97045df0a09b7b396d0a62dc5cc1b013bd06c479df40b4333c83490755ef9661"
  hash: "b26dbc933777d26cc5fd83784c0fd25ab89d8b9c844634932302948ca313a586"
  validator: "node2"
  transactions {
    sender: "node1"
    receiver: "node1"
    amount: 10.0
    timestamp: 1750006886.3728058
    type: STAKE
  }
  transactions {
    sender: "node1"
    receiver: "node2"
    amount: 10.0
    timestamp: 1750006886.373796
  }
  transactions {
    sender: "node2"
    receiver: "node2"
    amount: 10.0
    timestamp: 1750006886.853167
    type: STAKE
  }
  transactions {
    sender: "node2"
    receiver: "node1"
    amount: 10.0
    timestamp: 1750006887.532345
  }
  timestamp: 1750006887.5328698
}

[2025-06-16 01:01:27] [INFO] [server:84] received message [BLOCK_VOTE]
  sender   : node2
  full msg : 
type: BLOCK_VOTE
sender_id: "node2"
block_vote {
  voter_id: "node2"
  block_hash: "b26dbc933777d26cc5fd83784c0fd25ab89d8b9c844634932302948ca313a586"
}

[2025-06-16 01:01:27] [INFO] [server:84] received message [BLOCK_VOTE]
  sender   : node1
  full msg : 
type: BLOCK_VOTE
sender_id: "node1"
block_vote {
  voter_id: "node1"
  block_hash: "b26dbc933777d26cc5fd83784c0fd25ab89d8b9c844634932302948ca313a586"
}

[2025-06-16 01:15:04] [INFO] [server:156] Node node1 disconnected.
[2025-06-16 01:15:04] [INFO] [server:156] Node node2 disconnected.
[2025-06-16 01:15:06] [INFO] [server:44] Async server started on 127.0.0.1:5000
[2025-06-16 01:15:06] [INFO] [server:62] New connection from ('127.0.0.1', 53071)
[2025-06-16 01:15:06] [INFO] [server:252] Stopped sending STEP messages
[2025-06-16 01:15:06] [INFO] [server:62] New connection from ('127.0.0.1', 53072)
[2025-06-16 01:15:06] [INFO] [server:62] New connection from ('127.0.0.1', 53073)
[2025-06-16 01:15:06] [INFO] [server:84] received message [HELLO]
  sender   : node1
  full msg : 
sender_id: "node1"

[2025-06-16 01:15:06] [INFO] [server:84] received message [HELLO]
  sender   : node2
  full msg : 
sender_id: "node2"

[2025-06-16 01:15:06] [INFO] [server:84] received message [SYNC_REQUEST]
  sender   : node1
  full msg : 
type: SYNC_REQUEST
sender_id: "node1"

[2025-06-16 01:15:06] [INFO] [server:84] received message [SYNC_REQUEST]
  sender   : node2
  full msg : 
type: SYNC_REQUEST
sender_id: "node2"

[2025-06-16 01:15:06] [INFO] [server:84] received message [SYNC_RESPONSE]
  sender   : node2
  full msg : 
type: SYNC_RESPONSE
sender_id: "node2"
sync_response {
  blocks {
    prev_hash: "0000000000000000000000000000000000000000000000000000000000000000"
    hash: "97045df0a09b7b396d0a62dc5cc1b013bd06c479df40b4333c83490755ef9661"
    validator: "genesis"
  }
}

[2025-06-16 01:15:06] [INFO] [server:84] received message [SYNC_RESPONSE]
  sender   : node1
  full msg : 
type: SYNC_RESPONSE
sender_id: "node1"
sync_response {
  blocks {
    prev_hash: "0000000000000000000000000000000000000000000000000000000000000000"
    hash: "97045df0a09b7b396d0a62dc5cc1b013bd06c479df40b4333c83490755ef9661"
    validator: "genesis"
  }
}

[2025-06-16 01:15:09] [INFO] [server:84] received message [TRANSACTION]
  sender   : node1
  full msg : 
type: TRANSACTION
sender_id: "node1"
tx {
  sender: "node1"
  receiver: "node1"
  amount: 10.0
  timestamp: 1750007709.330045
  type: STAKE
}

[2025-06-16 01:15:10] [INFO] [server:84] received message [TRANSACTION]
  sender   : node1
  full msg : 
type: TRANSACTION
sender_id: "node1"
tx {
  sender: "node1"
  receiver: "node2"
  amount: 10.0
  timestamp: 1750007710.092741
}

[2025-06-16 01:15:10] [INFO] [server:84] received message [BLOCK]
  sender   : node1
  full msg : 
type: BLOCK
sender_id: "node1"
block {
  index: 1
  prev_hash: "97045df0a09b7b396d0a62dc5cc1b013bd06c479df40b4333c83490755ef9661"
  hash: "9a4b0ffcdb2d9328da6a199d41f1555e41772f1148b7e8b831cd5ab8b401f9db"
  validator: "node1"
  transactions {
    sender: "node1"
    receiver: "node1"
    amount: 10.0
    timestamp: 1750007709.330045
    type: STAKE
  }
  transactions {
    sender: "node1"
    receiver: "node2"
    amount: 10.0
    timestamp: 1750007710.092741
  }
  timestamp: 1750007710.093408
}

[2025-06-16 01:15:10] [INFO] [server:84] received message [BLOCK_VOTE]
  sender   : node1
  full msg : 
type: BLOCK_VOTE
sender_id: "node1"
block_vote {
  voter_id: "node1"
  block_hash: "9a4b0ffcdb2d9328da6a199d41f1555e41772f1148b7e8b831cd5ab8b401f9db"
}

[2025-06-16 01:15:10] [INFO] [server:84] received message [BLOCK_VOTE]
  sender   : node2
  full msg : 
type: BLOCK_VOTE
sender_id: "node2"
block_vote {
  voter_id: "node2"
  block_hash: "9a4b0ffcdb2d9328da6a199d41f1555e41772f1148b7e8b831cd5ab8b401f9db"
}

[2025-06-16 01:15:10] [INFO] [server:84] received message [TRANSACTION]
  sender   : node2
  full msg : 
type: TRANSACTION
sender_id: "node2"
tx {
  sender: "node2"
  receiver: "node2"
  amount: 10.0
  timestamp: 1750007710.413107
  type: STAKE
}

[2025-06-16 01:15:10] [INFO] [server:84] received message [BLOCK]
  sender   : node2
  full msg : 
type: BLOCK
sender_id: "node2"
block {
  index: 1
  prev_hash: "97045df0a09b7b396d0a62dc5cc1b013bd06c479df40b4333c83490755ef9661"
  hash: "b7050bf0d10da298b76f1955da1049f5929e1c05c5c2ce14fb6f5844f00f5150"
  validator: "node2"
  transactions {
    sender: "node1"
    receiver: "node1"
    amount: 10.0
    timestamp: 1750007709.330045
    type: STAKE
  }
  transactions {
    sender: "node1"
    receiver: "node2"
    amount: 10.0
    timestamp: 1750007710.092741
  }
  transactions {
    sender: "node2"
    receiver: "node2"
    amount: 10.0
    timestamp: 1750007710.413107
    type: STAKE
  }
  timestamp: 1750007710.414171
}

[2025-06-16 01:15:10] [INFO] [server:84] received message [BLOCK_VOTE]
  sender   : node2
  full msg : 
type: BLOCK_VOTE
sender_id: "node2"
block_vote {
  voter_id: "node2"
  block_hash: "b7050bf0d10da298b76f1955da1049f5929e1c05c5c2ce14fb6f5844f00f5150"
}

[2025-06-16 01:15:10] [INFO] [server:84] received message [BLOCK_VOTE]
  sender   : node1
  full msg : 
type: BLOCK_VOTE
sender_id: "node1"
block_vote {
  voter_id: "node1"
  block_hash: "b7050bf0d10da298b76f1955da1049f5929e1c05c5c2ce14fb6f5844f00f5150"
}

[2025-06-16 01:15:19] [INFO] [server:84] received message [TRANSACTION]
  sender   : node2
  full msg : 
type: TRANSACTION
sender_id: "node2"
tx {
  sender: "node2"
  receiver: "node1"
  amount: 10.0
  timestamp: 1750007719.907491
}

[2025-06-16 01:15:21] [INFO] [server:84] received message [BLOCK]
  sender   : node2
  full msg : 
type: BLOCK
sender_id: "node2"
block {
  index: 1
  prev_hash: "97045df0a09b7b396d0a62dc5cc1b013bd06c479df40b4333c83490755ef9661"
  hash: "527ec3752312f321f57a16bdf3306bf36516a0b32b84a7c973e02aa4c146d495"
  validator: "node2"
  transactions {
    sender: "node1"
    receiver: "node1"
    amount: 10.0
    timestamp: 1750007709.330045
    type: STAKE
  }
  transactions {
    sender: "node1"
    receiver: "node2"
    amount: 10.0
    timestamp: 1750007710.092741
  }
  transactions {
    sender: "node2"
    receiver: "node2"
    amount: 10.0
    timestamp: 1750007710.413107
    type: STAKE
  }
  transactions {
    sender: "node2"
    receiver: "node1"
    amount: 10.0
    timestamp: 1750007719.907491
  }
  timestamp: 1750007721.02002
}

[2025-06-16 01:15:21] [INFO] [server:84] received message [BLOCK_VOTE]
  sender   : node2
  full msg : 
type: BLOCK_VOTE
sender_id: "node2"
block_vote {
  voter_id: "node2"
  block_hash: "527ec3752312f321f57a16bdf3306bf36516a0b32b84a7c973e02aa4c146d495"
}

[2025-06-16 01:15:21] [INFO] [server:84] received message [BLOCK_VOTE]
  sender   : node1
  full msg : 
type: BLOCK_VOTE
sender_id: "node1"
block_vote {
  voter_id: "node1"
  block_hash: "527ec3752312f321f57a16bdf3306bf36516a0b32b84a7c973e02aa4c146d495"
}

[2025-06-16 01:15:27] [INFO] [server:268] Shutting down server...
[2025-06-16 01:15:27] [INFO] [server:287] Closing all client connections...
[2025-06-16 01:15:27] [INFO] [server:156] Node node2 disconnected.
[2025-06-16 01:15:27] [INFO] [server:156] Node node1 disconnected.
[2025-06-16 01:15:27] [INFO] [server:294] Closing server socket...
[2025-06-16 01:15:27] [INFO] [server:299] Server shutdown complete. Bye!
[2025-06-16 01:23:42] [INFO] [server:44] Async server started on 127.0.0.1:5000
[2025-06-16 01:23:42] [INFO] [server:62] New connection from ('127.0.0.1', 53317)
[2025-06-16 01:23:42] [INFO] [server:252] Stopped sending STEP messages
[2025-06-16 01:23:42] [INFO] [server:62] New connection from ('127.0.0.1', 53319)
[2025-06-16 01:23:42] [INFO] [server:62] New connection from ('127.0.0.1', 53318)
[2025-06-16 01:23:42] [INFO] [server:84] received message [HELLO]
  sender   : node2
  full msg : 
sender_id: "node2"

[2025-06-16 01:23:42] [INFO] [server:84] received message [SYNC_REQUEST]
  sender   : node2
  full msg : 
type: SYNC_REQUEST
sender_id: "node2"

[2025-06-16 01:23:42] [INFO] [server:84] received message [HELLO]
  sender   : node1
  full msg : 
sender_id: "node1"

[2025-06-16 01:23:42] [INFO] [server:84] received message [SYNC_REQUEST]
  sender   : node1
  full msg : 
type: SYNC_REQUEST
sender_id: "node1"

[2025-06-16 01:23:42] [INFO] [server:84] received message [SYNC_RESPONSE]
  sender   : node1
  full msg : 
type: SYNC_RESPONSE
sender_id: "node1"
sync_response {
  blocks {
    prev_hash: "0000000000000000000000000000000000000000000000000000000000000000"
    hash: "97045df0a09b7b396d0a62dc5cc1b013bd06c479df40b4333c83490755ef9661"
    validator: "genesis"
  }
}

[2025-06-16 01:23:42] [INFO] [server:84] received message [SYNC_RESPONSE]
  sender   : node2
  full msg : 
type: SYNC_RESPONSE
sender_id: "node2"
sync_response {
  blocks {
    prev_hash: "0000000000000000000000000000000000000000000000000000000000000000"
    hash: "97045df0a09b7b396d0a62dc5cc1b013bd06c479df40b4333c83490755ef9661"
    validator: "genesis"
  }
}

[2025-06-16 01:23:43] [INFO] [server:84] received message [TRANSACTION]
  sender   : node1
  full msg : 
type: TRANSACTION
sender_id: "node1"
tx {
  sender: "node1"
  receiver: "node1"
  amount: 10.0
  timestamp: 1750008223.848002
  type: STAKE
}

[2025-06-16 01:23:43] [INFO] [server:84] received message [TRANSACTION]
  sender   : node1
  full msg : 
type: TRANSACTION
sender_id: "node1"
tx {
  sender: "node1"
  receiver: "node2"
  amount: 10.0
  timestamp: 1750008223.848898
}

[2025-06-16 01:23:44] [INFO] [server:84] received message [BLOCK]
  sender   : node1
  full msg : 
type: BLOCK
sender_id: "node1"
block {
  index: 1
  prev_hash: "97045df0a09b7b396d0a62dc5cc1b013bd06c479df40b4333c83490755ef9661"
  hash: "7e1a6bdba84c009871aa882e1fdcb03193b959dcde2122c98bf39f4aab5a4de0"
  validator: "node1"
  transactions {
    sender: "node1"
    receiver: "node1"
    amount: 10.0
    timestamp: 1750008223.848002
    type: STAKE
  }
  transactions {
    sender: "node1"
    receiver: "node2"
    amount: 10.0
    timestamp: 1750008223.848898
  }
  timestamp: 1750008224.171953
}

[2025-06-16 01:23:44] [INFO] [server:84] received message [BLOCK_VOTE]
  sender   : node1
  full msg : 
type: BLOCK_VOTE
sender_id: "node1"
block_vote {
  voter_id: "node1"
  block_hash: "7e1a6bdba84c009871aa882e1fdcb03193b959dcde2122c98bf39f4aab5a4de0"
}

[2025-06-16 01:23:44] [INFO] [server:84] received message [BLOCK_VOTE]
  sender   : node2
  full msg : 
type: BLOCK_VOTE
sender_id: "node2"
block_vote {
  voter_id: "node2"
  block_hash: "7e1a6bdba84c009871aa882e1fdcb03193b959dcde2122c98bf39f4aab5a4de0"
}

[2025-06-16 01:23:45] [INFO] [server:84] received message [TRANSACTION]
  sender   : node2
  full msg : 
type: TRANSACTION
sender_id: "node2"
tx {
  sender: "node2"
  receiver: "node2"
  amount: 10.0
  timestamp: 1750008225.4928188
  type: STAKE
}

[2025-06-16 01:23:45] [INFO] [server:84] received message [BLOCK]
  sender   : node2
  full msg : 
type: BLOCK
sender_id: "node2"
block {
  index: 1
  prev_hash: "97045df0a09b7b396d0a62dc5cc1b013bd06c479df40b4333c83490755ef9661"
  hash: "905722d5d937370be9f925c92f8259a30634b74b86f8e45d57f15912dd865336"
  validator: "node2"
  transactions {
    sender: "node1"
    receiver: "node1"
    amount: 10.0
    timestamp: 1750008223.848002
    type: STAKE
  }
  transactions {
    sender: "node1"
    receiver: "node2"
    amount: 10.0
    timestamp: 1750008223.848898
  }
  transactions {
    sender: "node2"
    receiver: "node2"
    amount: 10.0
    timestamp: 1750008225.4928188
    type: STAKE
  }
  timestamp: 1750008225.493742
}

[2025-06-16 01:23:45] [INFO] [server:84] received message [BLOCK_VOTE]
  sender   : node2
  full msg : 
type: BLOCK_VOTE
sender_id: "node2"
block_vote {
  voter_id: "node2"
  block_hash: "905722d5d937370be9f925c92f8259a30634b74b86f8e45d57f15912dd865336"
}

[2025-06-16 01:23:45] [INFO] [server:84] received message [BLOCK_VOTE]
  sender   : node1
  full msg : 
type: BLOCK_VOTE
sender_id: "node1"
block_vote {
  voter_id: "node1"
  block_hash: "905722d5d937370be9f925c92f8259a30634b74b86f8e45d57f15912dd865336"
}

[2025-06-16 01:23:49] [INFO] [server:84] received message [TRANSACTION]
  sender   : node2
  full msg : 
type: TRANSACTION
sender_id: "node2"
tx {
  sender: "node2"
  receiver: "node1"
  amount: 10.0
  timestamp: 1750008229.644994
}

[2025-06-16 01:23:49] [INFO] [server:84] received message [BLOCK]
  sender   : node2
  full msg : 
type: BLOCK
sender_id: "node2"
block {
  index: 2
  prev_hash: "905722d5d937370be9f925c92f8259a30634b74b86f8e45d57f15912dd865336"
  hash: "c696eef0e6bf171c9da7cf5be084fab0e08b6bc161f61bd3c598e8b46d6e9f97"
  validator: "node2"
  transactions {
    sender: "node2"
    receiver: "node1"
    amount: 10.0
    timestamp: 1750008229.644994
  }
  timestamp: 1750008229.6456761
}

[2025-06-16 01:23:49] [INFO] [server:84] received message [BLOCK_VOTE]
  sender   : node2
  full msg : 
type: BLOCK_VOTE
sender_id: "node2"
block_vote {
  voter_id: "node2"
  block_hash: "c696eef0e6bf171c9da7cf5be084fab0e08b6bc161f61bd3c598e8b46d6e9f97"
}

[2025-06-16 01:23:49] [INFO] [server:84] received message [BLOCK_VOTE]
  sender   : node1
  full msg : 
type: BLOCK_VOTE
sender_id: "node1"
block_vote {
  voter_id: "node1"
  block_hash: "c696eef0e6bf171c9da7cf5be084fab0e08b6bc161f61bd3c598e8b46d6e9f97"
}

[2025-06-16 01:23:57] [INFO] [server:268] Shutting down server...
[2025-06-16 01:23:57] [INFO] [server:287] Closing all client connections...
[2025-06-16 01:23:57] [INFO] [server:156] Node node2 disconnected.
[2025-06-16 01:23:57] [INFO] [server:156] Node node1 disconnected.
[2025-06-16 01:23:57] [INFO] [server:294] Closing server socket...
[2025-06-16 01:23:57] [INFO] [server:299] Server shutdown complete. Bye!
